{"total": {"lines":{"total":4,"covered":3,"skipped":0,"pct":75},"statements":{"total":4,"covered":3,"skipped":0,"pct":75},"functions":{"total":1,"covered":0,"skipped":0,"pct":0},"branches":{"total":0,"covered":0,"skipped":0,"pct":100},"branchesTrue":{"total":0,"covered":0,"skipped":0,"pct":"Unknown"}}
,"/Users/nikitzykov/ZProjects/tonnerre/tonnerre-front/src/App.tsx": {"lines":{"total":4,"covered":3,"skipped":0,"pct":75},"functions":{"total":1,"covered":0,"skipped":0,"pct":0},"statements":{"total":4,"covered":3,"skipped":0,"pct":75},"branches":{"total":0,"covered":0,"skipped":0,"pct":100}}
}
